<?xml version="1.0" encoding="UTF-8"?>
<testng-results ignored="0" total="2" passed="2" failed="0" skipped="0">
  <reporter-output>
  </reporter-output>
  <suite started-at="2022-12-20T02:17:35 IST" name="Default suite" finished-at="2022-12-20T02:18:20 IST" duration-ms="44983">
    <groups>
    </groups>
    <test started-at="2022-12-20T02:17:35 IST" name="Default test" finished-at="2022-12-20T02:18:20 IST" duration-ms="44983">
      <class name="IMDB.Class1">
        <test-method is-config="true" signature="lounchBrowser()[pri:0, instance:IMDB.Class1@5ffead27]" started-at="2022-12-20T02:17:35 IST" name="lounchBrowser" finished-at="2022-12-20T02:18:18 IST" duration-ms="42394" status="PASS">
          <reporter-output>
          </reporter-output>
        </test-method> <!-- lounchBrowser -->
        <test-method signature="test1()[pri:0, instance:IMDB.Class1@5ffead27]" started-at="2022-12-20T02:18:18 IST" name="test1" finished-at="2022-12-20T02:18:18 IST" duration-ms="566" status="PASS">
          <reporter-output>
          </reporter-output>
        </test-method> <!-- test1 -->
        <test-method signature="test2()[pri:0, instance:IMDB.Class1@5ffead27]" started-at="2022-12-20T02:18:18 IST" name="test2" finished-at="2022-12-20T02:18:19 IST" duration-ms="254" status="PASS">
          <reporter-output>
          </reporter-output>
        </test-method> <!-- test2 -->
        <test-method is-config="true" signature="closeBrowser()[pri:0, instance:IMDB.Class1@5ffead27]" started-at="2022-12-20T02:18:19 IST" name="closeBrowser" finished-at="2022-12-20T02:18:20 IST" duration-ms="1608" status="PASS">
          <reporter-output>
          </reporter-output>
        </test-method> <!-- closeBrowser -->
      </class> <!-- IMDB.Class1 -->
    </test> <!-- Default test -->
  </suite> <!-- Default suite -->
</testng-results>
